# JRE version: OpenJDK Runtime Environment (8.0_152-b01) (build 1.8.0_152-release-915-b01)
# Java VM: OpenJDK 64-Bit Server VM (25.152-b01 mixed mode windows-amd64 compressed oops)
Heap:
 PSYoungGen      total 1223168K, used 702419K [0x0000000740000000, 0x00000007a7780000, 0x00000007c0000000)
  eden space 955392K, 45% used [0x0000000740000000,0x000000075a876b68,0x000000077a500000)
  from space 267776K, 99% used [0x000000078eb00000,0x000000079f07e200,0x000000079f080000)
  to   space 333824K, 0% used [0x000000077a500000,0x000000077a500000,0x000000078eb00000)
 ParOldGen       total 1275904K, used 765148K [0x0000000640000000, 0x000000068de00000, 0x0000000740000000)
  object space 1275904K, 59% used [0x0000000640000000,0x000000066eb37220,0x000000068de00000)
 Metaspace       used 7063K, capacity 7736K, committed 7936K, reserved 1056768K
  class space    used 629K, capacity 688K, committed 768K, reserved 1048576K
GC Heap History (10 events):
Event: 9.265 GC heap before
{Heap before GC invocations=14 (full 2):
 PSYoungGen      total 1093632K, used 1022783K [0x0000000740000000, 0x0000000790300000, 0x00000007c0000000)
  eden space 894464K, 100% used [0x0000000740000000,0x0000000776980000,0x0000000776980000)
  from space 199168K, 64% used [0x0000000776980000,0x000000077e6cfcf0,0x0000000782c00000)
  to   space 35840K, 0% used [0x0000000782c00000,0x0000000782c00000,0x0000000784f00000)
 ParOldGen       total 708096K, used 395248K [0x0000000640000000, 0x000000066b380000, 0x0000000740000000)
  object space 708096K, 55% used [0x0000000640000000,0x00000006581fc2c0,0x000000066b380000)
 Metaspace       used 6689K, capacity 7352K, committed 7552K, reserved 1056768K
  class space    used 610K, capacity 624K, committed 640K, reserved 1048576K
Event: 9.538 GC heap after
Heap after GC invocations=14 (full 2):
 PSYoungGen      total 930304K, used 35836K [0x0000000740000000, 0x0000000790300000, 0x00000007c0000000)
  eden space 894464K, 0% used [0x0000000740000000,0x0000000740000000,0x0000000776980000)
  from space 35840K, 99% used [0x0000000782c00000,0x0000000784eff3e0,0x0000000784f00000)
  to   space 199168K, 0% used [0x0000000776980000,0x0000000776980000,0x0000000782c00000)
 ParOldGen       total 708096K, used 595707K [0x0000000640000000, 0x000000066b380000, 0x0000000740000000)
  object space 708096K, 84% used [0x0000000640000000,0x00000006645bec88,0x000000066b380000)
 Metaspace       used 6689K, capacity 7352K, committed 7552K, reserved 1056768K
  class space    used 610K, capacity 624K, committed 640K, reserved 1048576K
}
Event: 9.539 GC heap before
{Heap before GC invocations=15 (full 3):
 PSYoungGen      total 930304K, used 35836K [0x0000000740000000, 0x0000000790300000, 0x00000007c0000000)
  eden space 894464K, 0% used [0x0000000740000000,0x0000000740000000,0x0000000776980000)
  from space 35840K, 99% used [0x0000000782c00000,0x0000000784eff3e0,0x0000000784f00000)
  to   space 199168K, 0% used [0x0000000776980000,0x0000000776980000,0x0000000782c00000)
 ParOldGen       total 708096K, used 595707K [0x0000000640000000, 0x000000066b380000, 0x0000000740000000)
  object space 708096K, 84% used [0x0000000640000000,0x00000006645bec88,0x000000066b380000)
 Metaspace       used 6689K, capacity 7352K, committed 7552K, reserved 1056768K
  class space    used 610K, capacity 624K, committed 640K, reserved 1048576K
Event: 11.513 GC heap after
Heap after GC invocations=15 (full 3):
 PSYoungGen      total 930304K, used 0K [0x0000000740000000, 0x0000000790300000, 0x00000007c0000000)
  eden space 894464K, 0% used [0x0000000740000000,0x0000000740000000,0x0000000776980000)
  from space 35840K, 0% used [0x0000000782c00000,0x0000000782c00000,0x0000000784f00000)
  to   space 199168K, 0% used [0x0000000776980000,0x0000000776980000,0x0000000782c00000)
 ParOldGen       total 708096K, used 623675K [0x0000000640000000, 0x000000066b380000, 0x0000000740000000)
  object space 708096K, 88% used [0x0000000640000000,0x000000066610ee00,0x000000066b380000)
 Metaspace       used 6689K, capacity 7352K, committed 7552K, reserved 1056768K
  class space    used 610K, capacity 624K, committed 640K, reserved 1048576K
}
Event: 14.054 GC heap before
{Heap before GC invocations=16 (full 4):
 PSYoungGen      total 930304K, used 894464K [0x0000000740000000, 0x0000000790300000, 0x00000007c0000000)
  eden space 894464K, 100% used [0x0000000740000000,0x0000000776980000,0x0000000776980000)
  from space 35840K, 0% used [0x0000000782c00000,0x0000000782c00000,0x0000000784f00000)
  to   space 199168K, 0% used [0x0000000776980000,0x0000000776980000,0x0000000782c00000)
 ParOldGen       total 708096K, used 623675K [0x0000000640000000, 0x000000066b380000, 0x0000000740000000)
  object space 708096K, 88% used [0x0000000640000000,0x000000066610ee00,0x000000066b380000)
 Metaspace       used 6747K, capacity 7384K, committed 7680K, reserved 1056768K
  class space    used 614K, capacity 656K, committed 768K, reserved 1048576K
Event: 16.178 GC heap after
Heap after GC invocations=16 (full 4):
 PSYoungGen      total 930304K, used 42761K [0x0000000740000000, 0x0000000790300000, 0x00000007c0000000)
  eden space 894464K, 4% used [0x0000000740000000,0x00000007429c2400,0x0000000776980000)
  from space 35840K, 0% used [0x0000000782c00000,0x0000000782c00000,0x0000000784f00000)
  to   space 199168K, 0% used [0x0000000776980000,0x0000000776980000,0x0000000782c00000)
 ParOldGen       total 1275904K, used 708056K [0x0000000640000000, 0x000000068de00000, 0x0000000740000000)
  object space 1275904K, 55% used [0x0000000640000000,0x000000066b3763e0,0x000000068de00000)
 Metaspace       used 6747K, capacity 7384K, committed 7680K, reserved 1056768K
  class space    used 614K, capacity 656K, committed 768K, reserved 1048576K
}
Event: 16.945 GC heap before
{Heap before GC invocations=17 (full 4):
 PSYoungGen      total 930304K, used 894464K [0x0000000740000000, 0x0000000790300000, 0x00000007c0000000)
  eden space 894464K, 100% used [0x0000000740000000,0x0000000776980000,0x0000000776980000)
  from space 35840K, 0% used [0x0000000782c00000,0x0000000782c00000,0x0000000784f00000)
  to   space 199168K, 0% used [0x0000000776980000,0x0000000776980000,0x0000000782c00000)
 ParOldGen       total 1275904K, used 708056K [0x0000000640000000, 0x000000068de00000, 0x0000000740000000)
  object space 1275904K, 55% used [0x0000000640000000,0x000000066b3763e0,0x000000068de00000)
 Metaspace       used 6810K, capacity 7448K, committed 7680K, reserved 1056768K
  class space    used 616K, capacity 656K, committed 768K, reserved 1048576K
Event: 17.122 GC heap after
Heap after GC invocations=17 (full 4):
 PSYoungGen      total 1093632K, used 172901K [0x0000000740000000, 0x000000079f080000, 0x00000007c0000000)
  eden space 894464K, 0% used [0x0000000740000000,0x0000000740000000,0x0000000776980000)
  from space 199168K, 86% used [0x0000000776980000,0x0000000781259658,0x0000000782c00000)
  to   space 267776K, 0% used [0x000000078eb00000,0x000000078eb00000,0x000000079f080000)
 ParOldGen       total 1275904K, used 708056K [0x0000000640000000, 0x000000068de00000, 0x0000000740000000)
  object space 1275904K, 55% used [0x0000000640000000,0x000000066b3763e0,0x000000068de00000)
 Metaspace       used 6810K, capacity 7448K, committed 7680K, reserved 1056768K
  class space    used 616K, capacity 656K, committed 768K, reserved 1048576K
}
Event: 18.185 GC heap before
{Heap before GC invocations=18 (full 4):
 PSYoungGen      total 1093632K, used 1067365K [0x0000000740000000, 0x000000079f080000, 0x00000007c0000000)
  eden space 894464K, 100% used [0x0000000740000000,0x0000000776980000,0x0000000776980000)
  from space 199168K, 86% used [0x0000000776980000,0x0000000781259658,0x0000000782c00000)
  to   space 267776K, 0% used [0x000000078eb00000,0x000000078eb00000,0x000000079f080000)
 ParOldGen       total 1275904K, used 708056K [0x0000000640000000, 0x000000068de00000, 0x0000000740000000)
  object space 1275904K, 55% used [0x0000000640000000,0x000000066b3763e0,0x000000068de00000)
 Metaspace       used 7056K, capacity 7672K, committed 7936K, reserved 1056768K
  class space    used 629K, capacity 688K, committed 768K, reserved 1048576K
Event: 18.343 GC heap after
Heap after GC invocations=18 (full 4):
 PSYoungGen      total 1223168K, used 267768K [0x0000000740000000, 0x00000007a7780000, 0x00000007c0000000)
  eden space 955392K, 0% used [0x0000000740000000,0x0000000740000000,0x000000077a500000)
  from space 267776K, 99% used [0x000000078eb00000,0x000000079f07e200,0x000000079f080000)
  to   space 333824K, 0% used [0x000000077a500000,0x000000077a500000,0x000000078eb00000)
 ParOldGen       total 1275904K, used 765148K [0x0000000640000000, 0x000000068de00000, 0x0000000740000000)
  object space 1275904K, 59% used [0x0000000640000000,0x000000066eb37220,0x000000068de00000)
 Metaspace       used 7056K, capacity 7672K, committed 7936K, reserved 1056768K
  class space    used 629K, capacity 688K, committed 768K, reserved 1048576K
}

